[
  {
    "line": 1,
    "elements": [
      {
        "start_timestamp": "2024-06-17T12:42:12.490Z",
        "line": 5,
        "name": "[Test]: General User View: Any user is able to view products without logging in",
        "description": "",
        "id": "[test]:-general-view;[test]:-general-user-view:-any-user-is-able-to-view-products-without-logging-in",
        "type": "scenario",
        "keyword": "Scenario",
        "steps": [
          {
            "result": {
              "duration": 14042244000,
              "status": "passed"
            },
            "line": 6,
            "name": "User navigates to the Online products page",
            "match": {
              "location": "stepDefinition.HomePage.user_navigates_to_the_Online_product_page()"
            },
            "keyword": "Given "
          },
          {
            "result": {
              "duration": 168596000,
              "status": "passed"
            },
            "line": 7,
            "name": "User clicks on Formal Shoes drop down",
            "match": {
              "location": "stepDefinition.OnlineProductsPage.user_clicks_on_Formal_Shoes_drop_down()"
            },
            "keyword": "When "
          },
          {
            "result": {
              "duration": 295873000,
              "status": "passed"
            },
            "line": 8,
            "name": "User should be able to view the Products",
            "match": {
              "location": "stepDefinition.OnlineProductsPage.user_should_be_able_to_view_the_Products()"
            },
            "keyword": "Then "
          }
        ],
        "tags": [
          {
            "name": "@TEST_ACE-16"
          }
        ]
      }
    ],
    "name": "[Test]: General View",
    "description": "",
    "id": "[test]:-general-view",
    "keyword": "Feature",
    "uri": "file:src/test/java/features/GeneralUserView.feature",
    "tags": []
  },
  {
    "line": 2,
    "elements": [
      {
        "start_timestamp": "2024-06-17T12:42:27.243Z",
        "line": 6,
        "name": "[Test]: LoggedIn User View: The Valid User is able to navigate through Login and enter into Product Page",
        "description": "",
        "id": "[test]:-loggedin-user-view:-the-valid-user-is-able-to-navigate-through-login-and-enter-into-product-page;[test]:-loggedin-user-view:-the-valid-user-is-able-to-navigate-through-login-and-enter-into-product-page",
        "type": "scenario",
        "keyword": "Scenario",
        "steps": [
          {
            "result": {
              "duration": 5799416000,
              "status": "passed"
            },
            "line": 7,
            "name": "User navigates to the Login page",
            "match": {
              "location": "stepDefinition.HomePage.user_navigates_to_the_login_page()"
            },
            "keyword": "Given "
          },
          {
            "result": {
              "duration": 430219000,
              "status": "passed"
            },
            "line": 8,
            "name": "User successfully enters the log in details",
            "match": {
              "location": "stepDefinition.LoginPage.user_successfully_enters_the_log_in_details()"
            },
            "keyword": "When "
          },
          {
            "result": {
              "error_message": "org.openqa.selenium.WebDriverException: unknown error: session deleted because of page crash\nfrom unknown error: cannot determine loading status\nfrom tab crashed\n  (Session info: chrome\u003d119.0.6045.199)\nBuild info: version: \u00274.17.0\u0027, revision: \u0027e52b1be057*\u0027\nSystem info: os.name: \u0027Linux\u0027, os.arch: \u0027amd64\u0027, os.version: \u00275.15.153.1-microsoft-standard-WSL2\u0027, java.version: \u002711.0.14.1\u0027\nDriver info: org.openqa.selenium.remote.RemoteWebDriver\nCommand: [7136c5d2b17a12ffa09c1949422f11b3, findElement {using\u003dxpath, value\u003d//*[text()\u003d\u0027Formal Shoes\u0027]}]\nCapabilities {acceptInsecureCerts: false, browserName: chrome, browserVersion: 119.0.6045.199, chrome: {chromedriverVersion: 119.0.6045.105 (38c72552c5e..., userDataDir: /tmp/.org.chromium.Chromium...}, fedcm:accounts: true, goog:chromeOptions: {debuggerAddress: localhost:44159}, networkConnectionEnabled: false, pageLoadStrategy: normal, platformName: linux, proxy: Proxy(), se:bidiEnabled: false, se:cdp: ws://172.27.0.2:4444/sessio..., se:cdpVersion: 119.0.6045.199, se:vnc: ws://172.27.0.2:4444/sessio..., se:vncEnabled: true, se:vncLocalAddress: ws://172.27.0.2:7900, setWindowRect: true, strictFileInteractability: false, timeouts: {implicit: 0, pageLoad: 300000, script: 30000}, unhandledPromptBehavior: dismiss and notify, webauthn:extension:credBlob: true, webauthn:extension:largeBlob: true, webauthn:extension:minPinLength: true, webauthn:extension:prf: true, webauthn:virtualAuthenticators: true}\nSession ID: 7136c5d2b17a12ffa09c1949422f11b3\n\tat java.base/jdk.internal.reflect.NativeConstructorAccessorImpl.newInstance0(Native Method)\n\tat java.base/jdk.internal.reflect.NativeConstructorAccessorImpl.newInstance(NativeConstructorAccessorImpl.java:62)\n\tat java.base/jdk.internal.reflect.DelegatingConstructorAccessorImpl.newInstance(DelegatingConstructorAccessorImpl.java:45)\n\tat java.base/java.lang.reflect.Constructor.newInstance(Constructor.java:490)\n\tat org.openqa.selenium.remote.codec.w3c.W3CHttpResponseCodec.createException(W3CHttpResponseCodec.java:185)\n\tat org.openqa.selenium.remote.codec.w3c.W3CHttpResponseCodec.decode(W3CHttpResponseCodec.java:134)\n\tat org.openqa.selenium.remote.codec.w3c.W3CHttpResponseCodec.decode(W3CHttpResponseCodec.java:51)\n\tat org.openqa.selenium.remote.HttpCommandExecutor.execute(HttpCommandExecutor.java:190)\n\tat org.openqa.selenium.remote.TracedCommandExecutor.execute(TracedCommandExecutor.java:51)\n\tat org.openqa.selenium.remote.RemoteWebDriver.execute(RemoteWebDriver.java:519)\n\tat org.openqa.selenium.remote.ElementLocation$ElementFinder$2.findElement(ElementLocation.java:165)\n\tat org.openqa.selenium.remote.ElementLocation.findElement(ElementLocation.java:59)\n\tat org.openqa.selenium.remote.RemoteWebDriver.findElement(RemoteWebDriver.java:356)\n\tat org.openqa.selenium.remote.RemoteWebDriver.findElement(RemoteWebDriver.java:350)\n\tat pages.LoggedInPage.visibility_productcategory_formalshoes(LoggedInPage.java:17)\n\tat stepDefinition.LoggedInPage.user_should_be_able_to_view_the_product_category_page(LoggedInPage.java:12)\n\tat ✽.User should be able to view the product category page(file:///usr/src/app/src/test/java/features/LoggedIn.feature:9)\n",
              "duration": 151462000,
              "status": "failed"
            },
            "line": 9,
            "name": "User should be able to view the product category page",
            "match": {
              "location": "stepDefinition.LoggedInPage.user_should_be_able_to_view_the_product_category_page()"
            },
            "keyword": "Then "
          }
        ],
        "tags": [
          {
            "name": "@ACE-20"
          },
          {
            "name": "@TEST_ACE-14"
          }
        ]
      }
    ],
    "name": "[Test]: LoggedIn User View: The Valid User is able to navigate through Login and enter into Product Page",
    "description": "",
    "id": "[test]:-loggedin-user-view:-the-valid-user-is-able-to-navigate-through-login-and-enter-into-product-page",
    "keyword": "Feature",
    "uri": "file:src/test/java/features/LoggedIn.feature",
    "tags": [
      {
        "name": "@ACE-20",
        "type": "Tag",
        "location": {
          "line": 1,
          "column": 1
        }
      }
    ]
  },
  {
    "line": 1,
    "elements": [
      {
        "start_timestamp": "2024-06-17T12:42:33.678Z",
        "line": 5,
        "name": "[Test]: New Registration View: Any user is able to navigate to New Registration button and enter into Registration Page",
        "description": "",
        "id": "[test]:-new-user-registration-view;[test]:-new-registration-view:-any-user-is-able-to-navigate-to-new-registration-button-and-enter-into-registration-page",
        "type": "scenario",
        "keyword": "Scenario",
        "steps": [
          {
            "result": {
              "error_message": "org.openqa.selenium.SessionNotCreatedException: Could not start a new session. Possible causes are invalid address of the remote server or browser start-up failure. \nHost info: host: \u0027909fa915ae14\u0027, ip: \u0027172.27.0.3\u0027\n\tat org.openqa.selenium.remote.RemoteWebDriver.execute(RemoteWebDriver.java:537)\n\tat org.openqa.selenium.remote.RemoteWebDriver.startSession(RemoteWebDriver.java:233)\n\tat org.openqa.selenium.remote.RemoteWebDriver.\u003cinit\u003e(RemoteWebDriver.java:162)\n\tat org.openqa.selenium.remote.RemoteWebDriver.\u003cinit\u003e(RemoteWebDriver.java:142)\n\tat pages.HomePage.click_hamburger_menu(HomePage.java:28)\n\tat stepDefinition.HomePage.user_navigates_to_the_login_page(HomePage.java:15)\n\tat ✽.User navigates to the Login page(file:///usr/src/app/src/test/java/features/NewUserRegistration.feature:6)\nCaused by: org.openqa.selenium.TimeoutException: java.util.concurrent.TimeoutException\nBuild info: version: \u00274.17.0\u0027, revision: \u0027e52b1be057*\u0027\nSystem info: os.name: \u0027Linux\u0027, os.arch: \u0027amd64\u0027, os.version: \u00275.15.153.1-microsoft-standard-WSL2\u0027, java.version: \u002711.0.14.1\u0027\nDriver info: driver.version: RemoteWebDriver\n\tat org.openqa.selenium.remote.http.jdk.JdkHttpClient.execute0(JdkHttpClient.java:402)\n\tat org.openqa.selenium.remote.http.AddSeleniumUserAgent.lambda$apply$0(AddSeleniumUserAgent.java:42)\n\tat org.openqa.selenium.remote.http.Filter.lambda$andFinally$1(Filter.java:55)\n\tat org.openqa.selenium.remote.http.jdk.JdkHttpClient.execute(JdkHttpClient.java:358)\n\tat org.openqa.selenium.remote.tracing.TracedHttpClient.execute(TracedHttpClient.java:54)\n\tat org.openqa.selenium.remote.ProtocolHandshake.createSession(ProtocolHandshake.java:114)\n\tat org.openqa.selenium.remote.ProtocolHandshake.createSession(ProtocolHandshake.java:95)\n\tat org.openqa.selenium.remote.ProtocolHandshake.createSession(ProtocolHandshake.java:67)\n\tat org.openqa.selenium.remote.HttpCommandExecutor.execute(HttpCommandExecutor.java:162)\n\tat org.openqa.selenium.remote.TracedCommandExecutor.execute(TracedCommandExecutor.java:51)\n\tat org.openqa.selenium.remote.RemoteWebDriver.execute(RemoteWebDriver.java:519)\n\tat org.openqa.selenium.remote.RemoteWebDriver.startSession(RemoteWebDriver.java:233)\n\tat org.openqa.selenium.remote.RemoteWebDriver.\u003cinit\u003e(RemoteWebDriver.java:162)\n\tat org.openqa.selenium.remote.RemoteWebDriver.\u003cinit\u003e(RemoteWebDriver.java:142)\n\tat pages.HomePage.click_hamburger_menu(HomePage.java:28)\n\tat stepDefinition.HomePage.user_navigates_to_the_login_page(HomePage.java:15)\n\tat java.base/jdk.internal.reflect.NativeMethodAccessorImpl.invoke0(Native Method)\n\tat java.base/jdk.internal.reflect.NativeMethodAccessorImpl.invoke(NativeMethodAccessorImpl.java:62)\n\tat java.base/jdk.internal.reflect.DelegatingMethodAccessorImpl.invoke(DelegatingMethodAccessorImpl.java:43)\n\tat java.base/java.lang.reflect.Method.invoke(Method.java:566)\n\tat io.cucumber.java.Invoker.doInvoke(Invoker.java:66)\n\tat io.cucumber.java.Invoker.invoke(Invoker.java:24)\n\tat io.cucumber.java.AbstractGlueDefinition.invokeMethod(AbstractGlueDefinition.java:47)\n\tat io.cucumber.java.JavaStepDefinition.execute(JavaStepDefinition.java:29)\n\tat io.cucumber.core.runner.CoreStepDefinition.execute(CoreStepDefinition.java:66)\n\tat io.cucumber.core.runner.PickleStepDefinitionMatch.runStep(PickleStepDefinitionMatch.java:63)\n\tat io.cucumber.core.runner.ExecutionMode$1.execute(ExecutionMode.java:10)\n\tat io.cucumber.core.runner.TestStep.executeStep(TestStep.java:92)\n\tat io.cucumber.core.runner.TestStep.run(TestStep.java:64)\n\tat io.cucumber.core.runner.PickleStepTestStep.run(PickleStepTestStep.java:51)\n\tat io.cucumber.core.runner.TestCase.run(TestCase.java:104)\n\tat io.cucumber.core.runner.Runner.runPickle(Runner.java:73)\n\tat io.cucumber.junit.PickleRunners$NoStepDescriptions.run(PickleRunners.java:151)\n\tat io.cucumber.junit.FeatureRunner.runChild(FeatureRunner.java:135)\n\tat io.cucumber.junit.FeatureRunner.runChild(FeatureRunner.java:27)\n\tat org.junit.runners.ParentRunner$4.run(ParentRunner.java:331)\n\tat org.junit.runners.ParentRunner$1.schedule(ParentRunner.java:79)\n\tat org.junit.runners.ParentRunner.runChildren(ParentRunner.java:329)\n\tat org.junit.runners.ParentRunner.access$100(ParentRunner.java:66)\n\tat org.junit.runners.ParentRunner$2.evaluate(ParentRunner.java:293)\n\tat org.junit.runners.ParentRunner$3.evaluate(ParentRunner.java:306)\n\tat org.junit.runners.ParentRunner.run(ParentRunner.java:413)\n\tat io.cucumber.junit.Cucumber.runChild(Cucumber.java:200)\n\tat io.cucumber.junit.Cucumber.runChild(Cucumber.java:90)\n\tat org.junit.runners.ParentRunner$4.run(ParentRunner.java:331)\n\tat org.junit.runners.ParentRunner$1.schedule(ParentRunner.java:79)\n\tat org.junit.runners.ParentRunner.runChildren(ParentRunner.java:329)\n\tat org.junit.runners.ParentRunner.access$100(ParentRunner.java:66)\n\tat org.junit.runners.ParentRunner$2.evaluate(ParentRunner.java:293)\n\tat io.cucumber.junit.Cucumber$RunCucumber.evaluate(Cucumber.java:235)\n\tat org.junit.runners.ParentRunner$3.evaluate(ParentRunner.java:306)\n\tat org.junit.runners.ParentRunner.run(ParentRunner.java:413)\n\tat org.apache.maven.surefire.junit4.JUnit4Provider.execute(JUnit4Provider.java:316)\n\tat org.apache.maven.surefire.junit4.JUnit4Provider.executeWithRerun(JUnit4Provider.java:240)\n\tat org.apache.maven.surefire.junit4.JUnit4Provider.executeTestSet(JUnit4Provider.java:214)\n\tat org.apache.maven.surefire.junit4.JUnit4Provider.invoke(JUnit4Provider.java:155)\n\tat org.apache.maven.surefire.booter.ForkedBooter.runSuitesInProcess(ForkedBooter.java:385)\n\tat org.apache.maven.surefire.booter.ForkedBooter.execute(ForkedBooter.java:162)\n\tat org.apache.maven.surefire.booter.ForkedBooter.run(ForkedBooter.java:507)\n\tat org.apache.maven.surefire.booter.ForkedBooter.main(ForkedBooter.java:495)\nCaused by: java.util.concurrent.TimeoutException\n\tat java.base/java.util.concurrent.CompletableFuture.timedGet(CompletableFuture.java:1886)\n\tat java.base/java.util.concurrent.CompletableFuture.get(CompletableFuture.java:2021)\n\tat org.openqa.selenium.remote.http.jdk.JdkHttpClient.execute0(JdkHttpClient.java:385)\n\t... 59 more\n",
              "duration": 180237662000,
              "status": "failed"
            },
            "line": 6,
            "name": "User navigates to the Login page",
            "match": {
              "location": "stepDefinition.HomePage.user_navigates_to_the_login_page()"
            },
            "keyword": "Given "
          },
          {
            "result": {
              "duration": 84000,
              "status": "skipped"
            },
            "line": 7,
            "name": "User clicks on new Registration button",
            "match": {
              "location": "stepDefinition.LoginPage.user_clicks_on_new_registration_button()"
            },
            "keyword": "When "
          },
          {
            "result": {
              "duration": 48000,
              "status": "skipped"
            },
            "line": 8,
            "name": "User should be able to view the Registration page",
            "match": {
              "location": "stepDefinition.RegistrationPage.user_successfully_enters_the_log_in_details()"
            },
            "keyword": "Then "
          }
        ],
        "tags": [
          {
            "name": "@TEST_ACE-15"
          }
        ]
      }
    ],
    "name": "[Test]: New User Registration View",
    "description": "",
    "id": "[test]:-new-user-registration-view",
    "keyword": "Feature",
    "uri": "file:src/test/java/features/NewUserRegistration.feature",
    "tags": []
  }
]